build/app/intermediates/manifest_merge_blame_file/release/manifest-merger-blame-release-report.txt
1<?xml version="1.0" encoding="utf-8"?>
2<manifest xmlns:android="http://schemas.android.com/apk/res/android"
3    package="com.dietaholics.app"
4    android:versionCode="6"
5    android:versionName="4.0" >
6
7    <uses-sdk
8        android:minSdkVersion="23"
8-->src\main\AndroidManifest.xml
9        android:targetSdkVersion="30" />
9-->src\main\AndroidManifest.xml
10
11    <uses-permission android:name="android.permission.ACCESS_FINE_LOCATION" />
11-->src\main\AndroidManifest.xml:4:1-75
11-->src\main\AndroidManifest.xml:4:18-72
12    <uses-permission android:name="android.permission.CAMERA" />
12-->src\main\AndroidManifest.xml:5:5-64
12-->src\main\AndroidManifest.xml:5:22-62
13    <uses-permission android:name="android.permission.INTERNET" />
13-->src\main\AndroidManifest.xml:6:5-66
13-->src\main\AndroidManifest.xml:6:22-64
14    <uses-permission android:name="android.permission.RECEIVE_BOOT_COMPLETED" />
14-->src\main\AndroidManifest.xml:7:5-80
14-->src\main\AndroidManifest.xml:7:22-78
15    <uses-permission android:name="android.permission.VIBRATE" />
15-->src\main\AndroidManifest.xml:8:5-66
15-->src\main\AndroidManifest.xml:8:22-63
16    <uses-permission android:name="android.permission.WAKE_LOCK" />
16-->src\main\AndroidManifest.xml:9:5-68
16-->src\main\AndroidManifest.xml:9:22-65
17    <uses-permission android:name="android.permission.ACCESS_COARSE_LOCATION" />
17-->[:location] AndroidManifest.xml:7:5-81
17-->[:location] AndroidManifest.xml:7:22-78
18    <uses-permission android:name="android.permission.USE_FULL_SCREEN_INTENT" />
18-->[:flutter_local_notifications] AndroidManifest.xml:9:5-81
18-->[:flutter_local_notifications] AndroidManifest.xml:9:22-78
19    <uses-permission android:name="android.permission.ACCESS_NETWORK_STATE" />
19-->[:firebase_messaging] AndroidManifest.xml:9:5-79
19-->[:firebase_messaging] AndroidManifest.xml:9:22-76
20
21    <uses-feature
21-->[io.card:android-sdk:5.5.1] AndroidManifest.xml:12:5-14:36
22        android:name="android.hardware.camera"
22-->[io.card:android-sdk:5.5.1] AndroidManifest.xml:13:9-47
23        android:required="false" />
23-->[io.card:android-sdk:5.5.1] AndroidManifest.xml:14:9-33
24    <uses-feature
24-->[io.card:android-sdk:5.5.1] AndroidManifest.xml:15:5-17:36
25        android:name="android.hardware.camera.autofocus"
25-->[io.card:android-sdk:5.5.1] AndroidManifest.xml:16:9-57
26        android:required="false" /> <!-- See https://developer.android.com/training/package-visibility/declaring for more details. -->
26-->[io.card:android-sdk:5.5.1] AndroidManifest.xml:17:9-33
27    <queries>
27-->[com.stripe:payments-core:16.10.0] AndroidManifest.xml:10:5-14:15
28
29        <!-- Added to check if Chrome is installed for browser-based payment authentication (e.g. 3DS1). -->
30        <package android:name="com.android.chrome" />
30-->[com.stripe:payments-core:16.10.0] AndroidManifest.xml:13:9-54
30-->[com.stripe:payments-core:16.10.0] AndroidManifest.xml:13:18-51
31
32        <intent>
32-->[com.braintreepayments:browser-switch:1.1.3] AndroidManifest.xml:12:9-18:18
33            <action android:name="android.intent.action.VIEW" />
33-->src\main\AndroidManifest.xml:31:17-69
33-->src\main\AndroidManifest.xml:31:25-66
34
35            <category android:name="android.intent.category.BROWSABLE" />
35-->src\main\AndroidManifest.xml:33:17-78
35-->src\main\AndroidManifest.xml:33:27-75
36
37            <data android:scheme="https" />
37-->src\main\AndroidManifest.xml:35:17-72
37-->src\main\AndroidManifest.xml:35:23-69
38        </intent>
39    </queries> <!-- Required by older versions of Google Play services to create IID tokens -->
40    <uses-permission android:name="com.google.android.c2dm.permission.RECEIVE" />
40-->[com.google.firebase:firebase-messaging:22.0.0] AndroidManifest.xml:25:5-82
40-->[com.google.firebase:firebase-messaging:22.0.0] AndroidManifest.xml:25:22-79
41    <uses-permission android:name="com.google.android.finsky.permission.BIND_GET_INSTALL_REFERRER_SERVICE" />
41-->[com.google.android.gms:play-services-measurement:19.0.0] AndroidManifest.xml:26:5-110
41-->[com.google.android.gms:play-services-measurement:19.0.0] AndroidManifest.xml:26:22-107
42
43    <uses-feature
43-->[com.google.android.gms:play-services-maps:17.0.0] AndroidManifest.xml:26:5-28:35
44        android:glEsVersion="0x00020000"
44-->[com.google.android.gms:play-services-maps:17.0.0] AndroidManifest.xml:27:9-41
45        android:required="true" />
45-->[com.google.android.gms:play-services-maps:17.0.0] AndroidManifest.xml:28:9-32
46    <!--
47 io.flutter.app.FlutterApplication is an android.app.Application that
48         calls FlutterMain.startInitialization(this); in its onCreate method.
49         In most cases you can leave this as-is, but you if you want to provide
50         additional functionality it is fine to subclass or reimplement
51         FlutterApplication and put your custom class here.
52    -->
53    <!-- AIzaSyB93ViVy-fww-leOBtroda9hOmhYOp9qT0 -->
54    <application
54-->src\main\AndroidManifest.xml:18:5-92:19
55        android:appComponentFactory="androidx.core.app.CoreComponentFactory"
55-->[androidx.core:core:1.5.0] AndroidManifest.xml:24:18-86
56        android:extractNativeLibs="false"
57        android:icon="@mipmap/ic_launcher"
57-->src\main\AndroidManifest.xml:22:9-43
58        android:label="Dietaholics"
58-->src\main\AndroidManifest.xml:20:9-36
59        android:supportsRtl="true"
59-->[com.facebook.android:facebook-login:5.5.1] AndroidManifest.xml:28:18-44
60        android:theme="@style/Theme.AppCompat.Light.NoActionBar"
60-->[:stripe_payment] AndroidManifest.xml:11:18-74
61        android:usesCleartextTraffic="true" >
61-->src\main\AndroidManifest.xml:19:9-44
62        <meta-data
62-->src\main\AndroidManifest.xml:23:9-123
63            android:name="com.google.android.geo.API_KEY"
63-->src\main\AndroidManifest.xml:23:20-65
64            android:value="AIzaSyCtv-ig64YziJiZE1VY09E0cMgjBwraQkM" />
64-->src\main\AndroidManifest.xml:23:66-121
65        <meta-data
65-->src\main\AndroidManifest.xml:24:9-139
66            android:name="com.google.firebase.messaging.default_notification_icon"
66-->src\main\AndroidManifest.xml:24:20-90
67            android:resource="@drawable/ic_stat_fastfood" />
67-->src\main\AndroidManifest.xml:24:91-136
68        <meta-data
68-->src\main\AndroidManifest.xml:25:9-134
69            android:name="com.google.firebase.messaging.default_notification_color"
69-->src\main\AndroidManifest.xml:25:20-91
70            android:resource="@android:color/black" />
70-->src\main\AndroidManifest.xml:25:92-131
71
72        <!-- This is for the Paypal payment -->
73        <activity
73-->src\main\AndroidManifest.xml:28:9-37:20
74            android:name="com.braintreepayments.api.BraintreeBrowserSwitchActivity"
74-->src\main\AndroidManifest.xml:28:19-90
75            android:launchMode="singleTask" >
75-->src\main\AndroidManifest.xml:29:13-44
76            <intent-filter>
76-->src\main\AndroidManifest.xml:30:13-36:29
77                <action android:name="android.intent.action.VIEW" />
77-->src\main\AndroidManifest.xml:31:17-69
77-->src\main\AndroidManifest.xml:31:25-66
78
79                <category android:name="android.intent.category.DEFAULT" />
79-->src\main\AndroidManifest.xml:32:17-76
79-->src\main\AndroidManifest.xml:32:27-73
80                <category android:name="android.intent.category.BROWSABLE" />
80-->src\main\AndroidManifest.xml:33:17-78
80-->src\main\AndroidManifest.xml:33:27-75
81                <!-- <data android:scheme="com.foodzone.product.braintree" /> -->
82                <data android:scheme="com.dietaholics.app.braintree" />
82-->src\main\AndroidManifest.xml:35:17-72
82-->src\main\AndroidManifest.xml:35:23-69
83            </intent-filter>
84        </activity>
85        <activity
85-->src\main\AndroidManifest.xml:39:9-57:20
86            android:name="com.dietaholics.app.MainActivity"
86-->src\main\AndroidManifest.xml:40:13-41
87            android:configChanges="orientation|keyboardHidden|keyboard|screenSize|locale|layoutDirection|fontScale|screenLayout|density|uiMode"
87-->src\main\AndroidManifest.xml:43:13-144
88            android:hardwareAccelerated="true"
88-->src\main\AndroidManifest.xml:44:13-47
89            android:launchMode="singleTop"
89-->src\main\AndroidManifest.xml:41:13-43
90            android:theme="@style/LaunchTheme"
90-->src\main\AndroidManifest.xml:42:13-47
91            android:windowSoftInputMode="adjustResize" >
91-->src\main\AndroidManifest.xml:45:13-55
92
93            <!--
94                 This keeps the window background of the activity showing
95                 until Flutter renders its first frame. It can be removed if
96                 there is no splash screen (such as the default splash screen
97                 defined in @style/LaunchTheme).
98            -->
99            <meta-data
99-->src\main\AndroidManifest.xml:50:13-52:40
100                android:name="io.flutter.app.android.SplashScreenUntilFirstFrame"
100-->src\main\AndroidManifest.xml:51:17-82
101                android:value="true" />
101-->src\main\AndroidManifest.xml:52:17-37
102
103            <intent-filter>
103-->src\main\AndroidManifest.xml:53:13-56:29
104                <action android:name="android.intent.action.MAIN" />
104-->src\main\AndroidManifest.xml:54:17-68
104-->src\main\AndroidManifest.xml:54:25-66
105
106                <category android:name="android.intent.category.LAUNCHER" />
106-->src\main\AndroidManifest.xml:55:17-76
106-->src\main\AndroidManifest.xml:55:27-74
107            </intent-filter>
108        </activity>
109
110        <meta-data
110-->src\main\AndroidManifest.xml:60:9-99
111            android:name="com.google.android.gms.wallet.api.enabled"
111-->src\main\AndroidManifest.xml:60:20-76
112            android:value="true" />
112-->src\main\AndroidManifest.xml:60:77-97
113
114        <receiver android:name="com.dexterous.flutterlocalnotifications.ScheduledNotificationReceiver" />
114-->src\main\AndroidManifest.xml:61:10-107
114-->src\main\AndroidManifest.xml:61:20-104
115        <receiver android:name="com.dexterous.flutterlocalnotifications.ScheduledNotificationBootReceiver" >
115-->src\main\AndroidManifest.xml:62:9-67:20
115-->src\main\AndroidManifest.xml:62:19-107
116            <intent-filter>
116-->src\main\AndroidManifest.xml:63:13-66:29
117                <action android:name="android.intent.action.BOOT_COMPLETED" />
117-->src\main\AndroidManifest.xml:64:17-78
117-->src\main\AndroidManifest.xml:64:25-76
118                <action android:name="android.intent.action.MY_PACKAGE_REPLACED" />
118-->src\main\AndroidManifest.xml:65:17-83
118-->src\main\AndroidManifest.xml:65:25-81
119            </intent-filter>
120            <intent-filter>
120-->[:flutter_local_notifications] AndroidManifest.xml:14:13-19:29
121                <action android:name="android.intent.action.BOOT_COMPLETED" />
121-->src\main\AndroidManifest.xml:64:17-78
121-->src\main\AndroidManifest.xml:64:25-76
122                <action android:name="android.intent.action.MY_PACKAGE_REPLACED" />
122-->src\main\AndroidManifest.xml:65:17-83
122-->src\main\AndroidManifest.xml:65:25-81
123                <action android:name="android.intent.action.QUICKBOOT_POWERON" />
123-->[:flutter_local_notifications] AndroidManifest.xml:17:17-82
123-->[:flutter_local_notifications] AndroidManifest.xml:17:25-79
124                <action android:name="com.htc.intent.action.QUICKBOOT_POWERON" />
124-->[:flutter_local_notifications] AndroidManifest.xml:18:17-82
124-->[:flutter_local_notifications] AndroidManifest.xml:18:25-79
125            </intent-filter>
126        </receiver>
127        <!-- Facebook Login configuration -->
128        <meta-data
128-->src\main\AndroidManifest.xml:69:9-70:46
129            android:name="com.facebook.sdk.ApplicationId"
129-->src\main\AndroidManifest.xml:69:20-65
130            android:value="@string/facebook_app_id" />
130-->src\main\AndroidManifest.xml:70:5-44
131
132        <activity
132-->src\main\AndroidManifest.xml:72:1-75:40
133            android:name="com.facebook.FacebookActivity"
133-->src\main\AndroidManifest.xml:72:11-55
134            android:configChanges="keyboard|keyboardHidden|screenLayout|screenSize|orientation"
134-->src\main\AndroidManifest.xml:73:5-102
135            android:label="@string/app_name"
135-->src\main\AndroidManifest.xml:75:5-37
136            android:theme="@style/com_facebook_activity_theme" />
136-->[com.facebook.android:facebook-common:5.5.1] AndroidManifest.xml:32:13-63
137        <activity
137-->src\main\AndroidManifest.xml:77:1-86:12
138            android:name="com.facebook.CustomTabActivity"
138-->src\main\AndroidManifest.xml:78:5-50
139            android:exported="true" >
139-->src\main\AndroidManifest.xml:79:5-28
140            <intent-filter>
140-->src\main\AndroidManifest.xml:80:5-85:21
141                <action android:name="android.intent.action.VIEW" />
141-->src\main\AndroidManifest.xml:31:17-69
141-->src\main\AndroidManifest.xml:31:25-66
142
143                <category android:name="android.intent.category.DEFAULT" />
143-->src\main\AndroidManifest.xml:32:17-76
143-->src\main\AndroidManifest.xml:32:27-73
144                <category android:name="android.intent.category.BROWSABLE" />
144-->src\main\AndroidManifest.xml:33:17-78
144-->src\main\AndroidManifest.xml:33:27-75
145
146                <data android:scheme="@string/fb_login_protocol_scheme" />
146-->src\main\AndroidManifest.xml:35:17-72
146-->src\main\AndroidManifest.xml:35:23-69
147            </intent-filter>
148        </activity>
149        <!--
150     Don't delete the meta-data below.
151             This is used by the Flutter tool to generate GeneratedPluginRegistrant.java
152        -->
153        <meta-data
153-->src\main\AndroidManifest.xml:89:9-91:33
154            android:name="flutterEmbedding"
154-->src\main\AndroidManifest.xml:90:13-44
155            android:value="2" />
155-->src\main\AndroidManifest.xml:91:13-30
156
157        <service
157-->[:location] AndroidManifest.xml:11:9-15:56
158            android:name="com.lyokone.location.FlutterLocationService"
158-->[:location] AndroidManifest.xml:12:13-71
159            android:enabled="true"
159-->[:location] AndroidManifest.xml:13:13-35
160            android:exported="false"
160-->[:location] AndroidManifest.xml:14:13-37
161            android:foregroundServiceType="location" />
161-->[:location] AndroidManifest.xml:15:13-53
162
163        <provider
163-->[:image_picker] AndroidManifest.xml:8:9-16:20
164            android:name="io.flutter.plugins.imagepicker.ImagePickerFileProvider"
164-->[:image_picker] AndroidManifest.xml:9:13-82
165            android:authorities="com.dietaholics.app.flutter.image_provider"
165-->[:image_picker] AndroidManifest.xml:10:13-74
166            android:exported="false"
166-->[:image_picker] AndroidManifest.xml:11:13-37
167            android:grantUriPermissions="true" >
167-->[:image_picker] AndroidManifest.xml:12:13-47
168            <meta-data
168-->[:image_picker] AndroidManifest.xml:13:13-15:75
169                android:name="android.support.FILE_PROVIDER_PATHS"
169-->[:image_picker] AndroidManifest.xml:14:17-67
170                android:resource="@xml/flutter_image_picker_file_paths" />
170-->[:image_picker] AndroidManifest.xml:15:17-72
171        </provider>
172
173        <activity
173-->[:flutter_braintree] AndroidManifest.xml:8:9-11:20
174            android:name="com.example.flutter_braintree.FlutterBraintreeCustom"
174-->[:flutter_braintree] AndroidManifest.xml:9:13-80
175            android:theme="@style/bt_transparent_activity" >
175-->[:flutter_braintree] AndroidManifest.xml:10:13-59
176        </activity>
177        <activity
177-->[:stripe_payment] AndroidManifest.xml:16:9-20:75
178            android:name="com.gettipsi.stripe.OpenBrowserActivity"
178-->[:stripe_payment] AndroidManifest.xml:17:13-67
179            android:exported="false"
179-->[:stripe_payment] AndroidManifest.xml:18:13-37
180            android:launchMode="singleTask"
180-->[:stripe_payment] AndroidManifest.xml:19:13-44
181            android:theme="@android:style/Theme.Translucent.NoTitleBar" />
181-->[:stripe_payment] AndroidManifest.xml:20:13-72
182        <activity
182-->[:stripe_payment] AndroidManifest.xml:21:9-34:20
183            android:name="com.gettipsi.stripe.RedirectUriReceiver"
183-->[:stripe_payment] AndroidManifest.xml:22:13-67
184            android:exported="true"
184-->[:stripe_payment] AndroidManifest.xml:23:13-36
185            android:launchMode="singleTask"
185-->[:stripe_payment] AndroidManifest.xml:24:13-44
186            android:theme="@android:style/Theme.Translucent.NoTitleBar.Fullscreen" >
186-->[:stripe_payment] AndroidManifest.xml:25:13-83
187            <intent-filter>
187-->[:stripe_payment] AndroidManifest.xml:26:13-33:29
188                <action android:name="android.intent.action.VIEW" />
188-->src\main\AndroidManifest.xml:31:17-69
188-->src\main\AndroidManifest.xml:31:25-66
189
190                <category android:name="android.intent.category.DEFAULT" />
190-->src\main\AndroidManifest.xml:32:17-76
190-->src\main\AndroidManifest.xml:32:27-73
191                <category android:name="android.intent.category.BROWSABLE" />
191-->src\main\AndroidManifest.xml:33:17-78
191-->src\main\AndroidManifest.xml:33:27-75
192
193                <data android:scheme="example" />
193-->src\main\AndroidManifest.xml:35:17-72
193-->src\main\AndroidManifest.xml:35:23-69
194            </intent-filter>
195        </activity>
196
197        <service
197-->[:firebase_auth] AndroidManifest.xml:8:9-12:19
198            android:name="com.google.firebase.components.ComponentDiscoveryService"
198-->[:firebase_auth] AndroidManifest.xml:8:18-89
199            android:directBootAware="true"
199-->[com.google.firebase:firebase-common:20.0.0] AndroidManifest.xml:35:13-43
200            android:exported="false" >
200-->[com.google.firebase:firebase-messaging:22.0.0] AndroidManifest.xml:51:13-37
201            <meta-data
201-->[:firebase_auth] AndroidManifest.xml:9:13-11:85
202                android:name="com.google.firebase.components:io.flutter.plugins.firebase.auth.FlutterFirebaseAuthRegistrar"
202-->[:firebase_auth] AndroidManifest.xml:10:17-124
203                android:value="com.google.firebase.components.ComponentRegistrar" />
203-->[:firebase_auth] AndroidManifest.xml:11:17-82
204            <meta-data
204-->[:firebase_messaging] AndroidManifest.xml:34:13-36:85
205                android:name="com.google.firebase.components:io.flutter.plugins.firebase.messaging.FlutterFirebaseAppRegistrar"
205-->[:firebase_messaging] AndroidManifest.xml:35:17-128
206                android:value="com.google.firebase.components.ComponentRegistrar" />
206-->[:firebase_messaging] AndroidManifest.xml:36:17-82
207            <meta-data
207-->[:firebase_core] AndroidManifest.xml:9:13-11:85
208                android:name="com.google.firebase.components:io.flutter.plugins.firebase.core.FlutterFirebaseCoreRegistrar"
208-->[:firebase_core] AndroidManifest.xml:10:17-124
209                android:value="com.google.firebase.components.ComponentRegistrar" />
209-->[:firebase_core] AndroidManifest.xml:11:17-82
210            <meta-data
210-->[com.google.firebase:firebase-messaging:22.0.0] AndroidManifest.xml:52:13-54:85
211                android:name="com.google.firebase.components:com.google.firebase.messaging.FirebaseMessagingRegistrar"
211-->[com.google.firebase:firebase-messaging:22.0.0] AndroidManifest.xml:53:17-119
212                android:value="com.google.firebase.components.ComponentRegistrar" />
212-->[com.google.firebase:firebase-messaging:22.0.0] AndroidManifest.xml:54:17-82
213            <meta-data
213-->[com.google.firebase:firebase-datatransport:18.0.0] AndroidManifest.xml:28:13-30:85
214                android:name="com.google.firebase.components:com.google.firebase.datatransport.TransportRegistrar"
214-->[com.google.firebase:firebase-datatransport:18.0.0] AndroidManifest.xml:29:17-115
215                android:value="com.google.firebase.components.ComponentRegistrar" />
215-->[com.google.firebase:firebase-datatransport:18.0.0] AndroidManifest.xml:30:17-82
216            <meta-data
216-->[com.google.firebase:firebase-auth:21.0.1] AndroidManifest.xml:77:13-79:85
217                android:name="com.google.firebase.components:com.google.firebase.auth.FirebaseAuthRegistrar"
217-->[com.google.firebase:firebase-auth:21.0.1] AndroidManifest.xml:78:17-109
218                android:value="com.google.firebase.components.ComponentRegistrar" />
218-->[com.google.firebase:firebase-auth:21.0.1] AndroidManifest.xml:79:17-82
219            <meta-data
219-->[com.google.android.gms:play-services-measurement-api:19.0.0] AndroidManifest.xml:30:13-32:85
220                android:name="com.google.firebase.components:com.google.firebase.analytics.connector.internal.AnalyticsConnectorRegistrar"
220-->[com.google.android.gms:play-services-measurement-api:19.0.0] AndroidManifest.xml:31:17-139
221                android:value="com.google.firebase.components.ComponentRegistrar" />
221-->[com.google.android.gms:play-services-measurement-api:19.0.0] AndroidManifest.xml:32:17-82
222            <meta-data
222-->[com.google.firebase:firebase-installations:17.0.0] AndroidManifest.xml:18:13-20:85
223                android:name="com.google.firebase.components:com.google.firebase.installations.FirebaseInstallationsRegistrar"
223-->[com.google.firebase:firebase-installations:17.0.0] AndroidManifest.xml:19:17-127
224                android:value="com.google.firebase.components.ComponentRegistrar" />
224-->[com.google.firebase:firebase-installations:17.0.0] AndroidManifest.xml:20:17-82
225        </service>
226        <service
226-->[:firebase_messaging] AndroidManifest.xml:12:9-15:72
227            android:name="io.flutter.plugins.firebase.messaging.FlutterFirebaseMessagingBackgroundService"
227-->[:firebase_messaging] AndroidManifest.xml:13:13-107
228            android:exported="false"
228-->[:firebase_messaging] AndroidManifest.xml:14:13-37
229            android:permission="android.permission.BIND_JOB_SERVICE" />
229-->[:firebase_messaging] AndroidManifest.xml:15:13-69
230        <service
230-->[:firebase_messaging] AndroidManifest.xml:16:9-22:19
231            android:name="io.flutter.plugins.firebase.messaging.FlutterFirebaseMessagingService"
231-->[:firebase_messaging] AndroidManifest.xml:17:13-97
232            android:exported="false" >
232-->[:firebase_messaging] AndroidManifest.xml:18:13-37
233            <intent-filter>
233-->[:firebase_messaging] AndroidManifest.xml:19:13-21:29
234                <action android:name="com.google.firebase.MESSAGING_EVENT" />
234-->[:firebase_messaging] AndroidManifest.xml:20:17-78
234-->[:firebase_messaging] AndroidManifest.xml:20:25-75
235            </intent-filter>
236        </service>
237
238        <receiver
238-->[:firebase_messaging] AndroidManifest.xml:24:9-31:20
239            android:name="io.flutter.plugins.firebase.messaging.FlutterFirebaseMessagingReceiver"
239-->[:firebase_messaging] AndroidManifest.xml:25:13-98
240            android:exported="true"
240-->[:firebase_messaging] AndroidManifest.xml:26:13-36
241            android:permission="com.google.android.c2dm.permission.SEND" >
241-->[:firebase_messaging] AndroidManifest.xml:27:13-73
242            <intent-filter>
242-->[:firebase_messaging] AndroidManifest.xml:28:13-30:29
243                <action android:name="com.google.android.c2dm.intent.RECEIVE" />
243-->[:firebase_messaging] AndroidManifest.xml:29:17-81
243-->[:firebase_messaging] AndroidManifest.xml:29:25-78
244            </intent-filter>
245        </receiver>
246
247        <provider
247-->[:firebase_messaging] AndroidManifest.xml:39:9-43:38
248            android:name="io.flutter.plugins.firebase.messaging.FlutterFirebaseMessagingInitProvider"
248-->[:firebase_messaging] AndroidManifest.xml:40:13-102
249            android:authorities="com.dietaholics.app.flutterfirebasemessaginginitprovider"
249-->[:firebase_messaging] AndroidManifest.xml:41:13-88
250            android:exported="false"
250-->[:firebase_messaging] AndroidManifest.xml:42:13-37
251            android:initOrder="99" />
251-->[:firebase_messaging] AndroidManifest.xml:43:13-35
252        <provider
252-->[:share] AndroidManifest.xml:8:9-16:20
253            android:name="io.flutter.plugins.share.ShareFileProvider"
253-->[:share] AndroidManifest.xml:9:13-70
254            android:authorities="com.dietaholics.app.flutter.share_provider"
254-->[:share] AndroidManifest.xml:10:13-74
255            android:exported="false"
255-->[:share] AndroidManifest.xml:11:13-37
256            android:grantUriPermissions="true" >
256-->[:share] AndroidManifest.xml:12:13-47
257            <meta-data
257-->[:image_picker] AndroidManifest.xml:13:13-15:75
258                android:name="android.support.FILE_PROVIDER_PATHS"
258-->[:image_picker] AndroidManifest.xml:14:17-67
259                android:resource="@xml/flutter_share_file_paths" />
259-->[:image_picker] AndroidManifest.xml:15:17-72
260        </provider>
261
262        <activity
262-->[:url_launcher] AndroidManifest.xml:8:9-11:74
263            android:name="io.flutter.plugins.urllauncher.WebViewActivity"
263-->[:url_launcher] AndroidManifest.xml:9:13-74
264            android:exported="false"
264-->[:url_launcher] AndroidManifest.xml:10:13-37
265            android:theme="@android:style/Theme.NoTitleBar.Fullscreen" />
265-->[:url_launcher] AndroidManifest.xml:11:13-71
266        <activity
266-->[io.card:android-sdk:5.5.1] AndroidManifest.xml:20:9-22:66
267            android:name="io.card.payment.CardIOActivity"
267-->[io.card:android-sdk:5.5.1] AndroidManifest.xml:21:13-58
268            android:configChanges="keyboardHidden|orientation" />
268-->[io.card:android-sdk:5.5.1] AndroidManifest.xml:22:13-63
269        <activity android:name="io.card.payment.DataEntryActivity" />
269-->[io.card:android-sdk:5.5.1] AndroidManifest.xml:23:9-70
269-->[io.card:android-sdk:5.5.1] AndroidManifest.xml:23:19-67
270        <activity
270-->[com.stripe:payments-core:16.10.0] AndroidManifest.xml:17:9-19:57
271            android:name="com.stripe.android.view.AddPaymentMethodActivity"
271-->[com.stripe:payments-core:16.10.0] AndroidManifest.xml:18:13-76
272            android:theme="@style/StripeDefaultTheme" />
272-->[com.stripe:payments-core:16.10.0] AndroidManifest.xml:19:13-54
273        <activity
273-->[com.stripe:payments-core:16.10.0] AndroidManifest.xml:20:9-22:57
274            android:name="com.stripe.android.view.PaymentMethodsActivity"
274-->[com.stripe:payments-core:16.10.0] AndroidManifest.xml:21:13-74
275            android:theme="@style/StripeDefaultTheme" />
275-->[com.stripe:payments-core:16.10.0] AndroidManifest.xml:22:13-54
276        <activity
276-->[com.stripe:payments-core:16.10.0] AndroidManifest.xml:23:9-25:57
277            android:name="com.stripe.android.view.PaymentFlowActivity"
277-->[com.stripe:payments-core:16.10.0] AndroidManifest.xml:24:13-71
278            android:theme="@style/StripeDefaultTheme" />
278-->[com.stripe:payments-core:16.10.0] AndroidManifest.xml:25:13-54
279        <activity
279-->[com.stripe:payments-core:16.10.0] AndroidManifest.xml:26:9-29:58
280            android:name="com.stripe.android.view.PaymentAuthWebViewActivity"
280-->[com.stripe:payments-core:16.10.0] AndroidManifest.xml:27:13-78
281            android:theme="@style/StripeDefaultTheme"
281-->[com.stripe:payments-core:16.10.0] AndroidManifest.xml:28:13-54
282            android:windowSoftInputMode="adjustResize" />
282-->[com.stripe:payments-core:16.10.0] AndroidManifest.xml:29:13-55
283        <activity
283-->[com.stripe:payments-core:16.10.0] AndroidManifest.xml:30:9-32:61
284            android:name="com.stripe.android.view.PaymentRelayActivity"
284-->[com.stripe:payments-core:16.10.0] AndroidManifest.xml:31:13-72
285            android:theme="@style/StripeTransparentTheme" />
285-->[com.stripe:payments-core:16.10.0] AndroidManifest.xml:32:13-58
286        <!--
287        Set android:launchMode="singleTop" so that the StripeBrowserLauncherActivity instance that
288        launched the browser Activity will also handle the return URL deep link.
289        -->
290        <activity
290-->[com.stripe:payments-core:16.10.0] AndroidManifest.xml:38:9-54:20
291            android:name="com.stripe.android.payments.StripeBrowserLauncherActivity"
291-->[com.stripe:payments-core:16.10.0] AndroidManifest.xml:39:13-85
292            android:launchMode="singleTop"
292-->[com.stripe:payments-core:16.10.0] AndroidManifest.xml:40:13-43
293            android:theme="@style/StripeTransparentTheme" >
293-->[com.stripe:payments-core:16.10.0] AndroidManifest.xml:41:13-58
294            <intent-filter>
294-->[com.stripe:payments-core:16.10.0] AndroidManifest.xml:42:13-53:29
295                <action android:name="android.intent.action.VIEW" />
295-->src\main\AndroidManifest.xml:31:17-69
295-->src\main\AndroidManifest.xml:31:25-66
296
297                <category android:name="android.intent.category.DEFAULT" />
297-->src\main\AndroidManifest.xml:32:17-76
297-->src\main\AndroidManifest.xml:32:27-73
298                <category android:name="android.intent.category.BROWSABLE" />
298-->src\main\AndroidManifest.xml:33:17-78
298-->src\main\AndroidManifest.xml:33:27-75
299
300                <!-- Must match `DefaultReturnUrl#value`. -->
301                <data
301-->src\main\AndroidManifest.xml:35:17-72
302                    android:host="payment_return_url"
303                    android:path="/com.dietaholics.app"
304                    android:scheme="stripesdk" />
304-->src\main\AndroidManifest.xml:35:23-69
305            </intent-filter>
306        </activity>
307        <activity
307-->[com.stripe:payments-core:16.10.0] AndroidManifest.xml:55:9-57:57